GROUP,PACKAGE,CLASS,INSTRUCTION_MISSED,INSTRUCTION_COVERED,BRANCH_MISSED,BRANCH_COVERED,LINE_MISSED,LINE_COVERED,COMPLEXITY_MISSED,COMPLEXITY_COVERED,METHOD_MISSED,METHOD_COVERED
api-purchased-product-dispatch,co.com.asgard.core.service.impl,ProductOutboundServiceImpl,26,184,3,3,2,41,5,6,2,6
api-purchased-product-dispatch,co.com.asgard.core.service.impl,ShippingLabelServiceImpl,0,117,0,0,0,24,0,4,0,4
api-purchased-product-dispatch,co.com.asgard.core,ApiPurchasedProductDispatchApplication,5,3,0,0,2,1,1,1,1,1
