<?xml version="1.0" encoding="UTF-8"?>
<testsuite xmlns:xsi="http://www.w3.org/2001/XMLSchema-instance" xsi:noNamespaceSchemaLocation="https://maven.apache.org/surefire/maven-surefire-plugin/xsd/surefire-test-report.xsd" version="3.0.2" name="co.com.asgard.core.ApiPurchasedProductDispatchApplicationTests" time="11.59" tests="1" errors="0" skipped="0" failures="0">
  <properties>
[...]
</properties>
  <testcase name="contextLoads" classname="co.com.asgard.core.ApiPurchasedProductDispatchApplicationTests" time="0.801">
    <system-out><![CDATA[08:34:02.020 [main] INFO org.springframework.test.context.support.AnnotationConfigContextLoaderUtils -- Could not detect default configuration classes for test class [co.com.asgard.core.ApiPurchasedProductDispatchApplicationTests]: ApiPurchasedProductDispatchApplicationTests does not declare any static, non-private, non-final, nested classes annotated with @Configuration.
08:34:02.208 [main] INFO org.springframework.boot.test.context.SpringBootTestContextBootstrapper -- Found @SpringBootConfiguration co.com.asgard.core.ApiPurchasedProductDispatchApplication for test class co.com.asgard.core.ApiPurchasedProductDispatchApplicationTests
08:34:02.571 [main] INFO org.springframework.boot.devtools.restart.RestartApplicationListener -- Restart disabled due to context in which it is running

  .   ____          _            __ _ _
 /\\ / ___'_ __ _ _(_)_ __  __ _ \ \ \ \
( ( )\___ | '_ | '_| | '_ \/ _` | \ \ \ \
 \\/  ___)| |_)| | | | | || (_| |  ) ) ) )
  '  |____| .__|_| |_|_| |_\__, | / / / /
 =========|_|==============|___/=/_/_/_/

 :: Spring Boot ::                (v3.4.3)

[2025-03-19 08:34:03] [] [INFO] [main] c.c.a.c.ApiPurchasedProductDispatchApplicationTests - Starting ApiPurchasedProductDispatchApplicationTests using Java 17.0.14 with PID 2292 (started by ODIN in C:\work-space\uniajc\github\api-purchased-product-dispatch)
[2025-03-19 08:34:03] [] [DEBUG] [main] c.c.a.c.ApiPurchasedProductDispatchApplicationTests - Running with Spring Boot v3.4.3, Spring v6.2.3
[2025-03-19 08:34:03] [] [INFO] [main] c.c.a.c.ApiPurchasedProductDispatchApplicationTests - No active profile set, falling back to 1 default profile: "default"
[2025-03-19 08:34:04] [] [INFO] [main] o.s.d.r.c.RepositoryConfigurationDelegate - Bootstrapping Spring Data JPA repositories in DEFAULT mode.
[2025-03-19 08:34:04] [] [INFO] [main] o.s.d.r.c.RepositoryConfigurationDelegate - Finished Spring Data repository scanning in 119 ms. Found 5 JPA repository interfaces.
[2025-03-19 08:34:05] [] [INFO] [main] com.zaxxer.hikari.HikariDataSource - HikariPool-1 - Starting...
[2025-03-19 08:34:06] [] [INFO] [main] com.zaxxer.hikari.pool.HikariPool - HikariPool-1 - Added connection org.postgresql.jdbc.PgConnection@73e4387
[2025-03-19 08:34:06] [] [INFO] [main] com.zaxxer.hikari.HikariDataSource - HikariPool-1 - Start completed.
[2025-03-19 08:34:06] [] [INFO] [main] o.h.jpa.internal.util.LogHelper - HHH000204: Processing PersistenceUnitInfo [name: default]
[2025-03-19 08:34:06] [] [INFO] [main] org.hibernate.Version - HHH000412: Hibernate ORM core version 6.6.8.Final
[2025-03-19 08:34:06] [] [INFO] [main] o.h.c.i.RegionFactoryInitiator - HHH000026: Second-level cache disabled
[2025-03-19 08:34:06] [] [INFO] [main] o.s.o.j.p.SpringPersistenceUnitInfo - No LoadTimeWeaver setup: ignoring JPA class transformer
[2025-03-19 08:34:07] [] [INFO] [main] o.hibernate.orm.connections.pooling - HHH10001005: Database info:
	Database JDBC URL [Connecting through datasource 'HikariDataSource (HikariPool-1)']
	Database driver: undefined/unknown
	Database version: 17.2
	Autocommit mode: undefined/unknown
	Isolation level: undefined/unknown
	Minimum pool size: undefined/unknown
	Maximum pool size: undefined/unknown
[2025-03-19 08:34:08] [] [INFO] [main] o.h.e.t.j.p.i.JtaPlatformInitiator - HHH000489: No JTA platform available (set 'hibernate.transaction.jta.platform' to enable JTA platform integration)
[2025-03-19 08:34:08] [] [INFO] [main] o.s.o.j.LocalContainerEntityManagerFactoryBean - Initialized JPA EntityManagerFactory for persistence unit 'default'
[2025-03-19 08:34:08] [] [INFO] [main] o.s.d.j.r.query.QueryEnhancerFactory - Hibernate is in classpath; If applicable, HQL parser will be used.
[2025-03-19 08:34:10] [] [WARN] [main] o.s.b.a.o.j.JpaBaseConfiguration$JpaWebConfiguration - spring.jpa.open-in-view is enabled by default. Therefore, database queries may be performed during view rendering. Explicitly configure spring.jpa.open-in-view to disable this warning
[2025-03-19 08:34:10] [] [INFO] [main] o.s.v.b.OptionalValidatorFactoryBean - Failed to set up a Bean Validation provider: jakarta.validation.NoProviderFoundException: Unable to create a Configuration, because no Jakarta Bean Validation provider could be found. Add a provider like Hibernate Validator (RI) to your classpath.
[2025-03-19 08:34:12] [] [INFO] [main] c.c.a.c.ApiPurchasedProductDispatchApplicationTests - Started ApiPurchasedProductDispatchApplicationTests in 9.952 seconds (process running for 12.252)
]]></system-out>
  </testcase>
</testsuite>